<?xml version="1.0" encoding="UTF-8"?>
<!-- Generated by org.testng.reporters.JUnitXMLReporter -->
<testsuite ignored="0" hostname="DESKTOP-4VUC44N" failures="0" tests="5" name="Surefire test" time="8.574" errors="0" timestamp="24 Nov 2019 02:04:51 GMT">
  <testcase classname="tests.LoginApplicationTest" name="GoToLoginPage" time="0.522"/>
  <testcase classname="tests.LoginApplicationTest" name="InvalidLoginToApplication" time="0.765"/>
  <testcase classname="tests.LoginApplicationTest" name="InvalidLoginToApplication" time="0.675"/>
  <testcase classname="tests.LoginApplicationTest" name="InvalidLoginToApplication" time="0.967"/>
  <testcase classname="tests.LoginApplicationTest" name="ValidLogin" time="0.75"/>
</testsuite> <!-- Surefire test -->
