<?xml version="1.0" encoding="UTF-8"?>
<testng-results ignored="0" total="5" passed="5" failed="0" skipped="0">
  <reporter-output>
  </reporter-output>
  <suite started-at="2019-11-24T02:04:42Z" name="Surefire suite" finished-at="2019-11-24T02:04:51Z" duration-ms="8574">
    <groups>
    </groups>
    <test started-at="2019-11-24T02:04:42Z" name="Surefire test" finished-at="2019-11-24T02:04:51Z" duration-ms="8574">
      <class name="tests.LoginApplicationTest">
        <test-method is-config="true" signature="SetupEnvt()[pri:0, instance:tests.LoginApplicationTest@710726a3]" started-at="2019-11-24T02:04:42Z" name="SetupEnvt" finished-at="2019-11-24T02:04:47Z" duration-ms="4866" status="PASS">
          <reporter-output>
          </reporter-output>
        </test-method> <!-- SetupEnvt -->
        <test-method signature="GoToLoginPage()[pri:0, instance:tests.LoginApplicationTest@710726a3]" started-at="2019-11-24T02:04:47Z" name="GoToLoginPage" finished-at="2019-11-24T02:04:48Z" duration-ms="522" status="PASS">
          <reporter-output>
          </reporter-output>
        </test-method> <!-- GoToLoginPage -->
        <test-method signature="InvalidLoginToApplication(java.lang.String, java.lang.String)[pri:0, instance:tests.LoginApplicationTest@710726a3]" started-at="2019-11-24T02:04:48Z" name="InvalidLoginToApplication" data-provider="GetData" finished-at="2019-11-24T02:04:49Z" duration-ms="765" status="PASS">
          <params>
            <param index="0">
              <value>
                <![CDATA[good]]>
              </value>
            </param>
            <param index="1">
              <value>
                <![CDATA[password]]>
              </value>
            </param>
          </params>
          <reporter-output>
          </reporter-output>
        </test-method> <!-- InvalidLoginToApplication -->
        <test-method signature="InvalidLoginToApplication(java.lang.String, java.lang.String)[pri:0, instance:tests.LoginApplicationTest@710726a3]" started-at="2019-11-24T02:04:49Z" name="InvalidLoginToApplication" data-provider="GetData" finished-at="2019-11-24T02:04:49Z" duration-ms="675" status="PASS">
          <params>
            <param index="0">
              <value>
                <![CDATA[bad]]>
              </value>
            </param>
            <param index="1">
              <value>
                <![CDATA[password2]]>
              </value>
            </param>
          </params>
          <reporter-output>
          </reporter-output>
        </test-method> <!-- InvalidLoginToApplication -->
        <test-method signature="InvalidLoginToApplication(java.lang.String, java.lang.String)[pri:0, instance:tests.LoginApplicationTest@710726a3]" started-at="2019-11-24T02:04:49Z" name="InvalidLoginToApplication" data-provider="GetData" finished-at="2019-11-24T02:04:50Z" duration-ms="967" status="PASS">
          <params>
            <param index="0">
              <value>
                <![CDATA[Excellent]]>
              </value>
            </param>
            <param index="1">
              <value>
                <![CDATA[password3]]>
              </value>
            </param>
          </params>
          <reporter-output>
          </reporter-output>
        </test-method> <!-- InvalidLoginToApplication -->
        <test-method signature="ValidLogin()[pri:0, instance:tests.LoginApplicationTest@710726a3]" started-at="2019-11-24T02:04:50Z" name="ValidLogin" finished-at="2019-11-24T02:04:51Z" duration-ms="750" status="PASS">
          <reporter-output>
          </reporter-output>
        </test-method> <!-- ValidLogin -->
        <test-method is-config="true" signature="CleanUp()[pri:0, instance:tests.LoginApplicationTest@710726a3]" started-at="2019-11-24T02:04:51Z" name="CleanUp" finished-at="2019-11-24T02:04:51Z" duration-ms="0" status="PASS">
          <reporter-output>
          </reporter-output>
        </test-method> <!-- CleanUp -->
      </class> <!-- tests.LoginApplicationTest -->
    </test> <!-- Surefire test -->
  </suite> <!-- Surefire suite -->
</testng-results>
